<?xml version="1.0" encoding="UTF-8"?>
<Site BuildName="(empty)"
	BuildStamp="20230902-1620-Experimental"
	Name="alexoberco-X441UV"
	Generator="ctest-3.16.3"
	CompilerName="/usr/bin/c++"
	CompilerVersion="9.4.0"
	OSName="Linux"
	Hostname="alexoberco-X441UV"
	OSRelease="5.15.0-79-generic"
	OSVersion="#86~20.04.2-Ubuntu SMP Mon Jul 17 23:27:17 UTC 2023"
	OSPlatform="x86_64"
	Is64Bits="1"
	VendorString="GenuineIntel"
	VendorID="Intel Corporation"
	FamilyID="6"
	ModelID="78"
	ProcessorCacheSize="3072"
	NumberOfLogicalCPU="4"
	NumberOfPhysicalCPU="2"
	TotalVirtualMemory="5858"
	TotalPhysicalMemory="7836"
	LogicalProcessorsPerPhysical="2"
	ProcessorClockFrequency="2017.16"
	>
	<Testing>
		<StartDateTime>Sep 02 11:23 -05</StartDateTime>
		<StartTestTime>1693671783</StartTestTime>
		<TestList/>
		<EndDateTime>Sep 02 11:23 -05</EndDateTime>
		<EndTestTime>1693671783</EndTestTime>
		<ElapsedMinutes>0</ElapsedMinutes>
	</Testing>
</Site>
